Java HotSpot(TM) 64-Bit Server VM warning: ignoring option MaxPermSize=256m; support was removed in 8.0
objc[54216]: Class JavaLaunchHelper is implemented in both /Library/Java/JavaVirtualMachines/jdk1.8.0_131.jdk/Contents/Home/jre/bin/java (0x1092bf4c0) and /Library/Java/JavaVirtualMachines/jdk1.8.0_131.jdk/Contents/Home/jre/lib/libinstrument.dylib (0x1093b94e0). One of the two will be used. Which one is undefined.
Launching defaultServer (Open Liberty 17.0.0.3/wlp-1.0.18.cl170320170927-1854) on Java HotSpot(TM) 64-Bit Server VM, version 1.8.0_131-b11 (en_CA)
[AUDIT   ] CWWKE0001I: The server defaultServer has been launched.
[AUDIT   ] CWWKZ0058I: Monitoring dropins for applications. 
[AUDIT   ] CWWKT0016I: Web application available (default_host): http://ahmads-mbp.war.can.ibm.com:9080/health/
/Users/ahmadayyoub/mp-health-draft/guide-microprofile-health/finish/CustomConfigSource.json
[AUDIT   ] CWWKT0016I: Web application available (default_host): http://ahmads-mbp.war.can.ibm.com:9080/
[AUDIT   ] CWWKZ0001I: Application io.openliberty.guides.microprofile.health started in 1.030 seconds.
[AUDIT   ] CWWKF0012I: The server installed the following features: [servlet-3.1, jndi-1.0, mpHealth-1.0, json-1.0, cdi-1.2, jsonp-1.0, mpConfig-1.1, jaxrs-2.0, jaxrsClient-2.0].
[AUDIT   ] CWWKF0011I: The server defaultServer is ready to run a smarter planet.
/Users/ahmadayyoub/mp-health-draft/guide-microprofile-health/finish/CustomConfigSource.json
[WARNING ] CWWKW1001W: The scope PerRequest of JAXRS-2.0 Resource PropertiesResource does not match the CDI scope javax.enterprise.context.ApplicationScoped. Liberty gets resource instance from CDI.
[WARNING ] CWWKW1001W: The scope PerRequest of JAXRS-2.0 Resource InventoryResource does not match the CDI scope javax.enterprise.context.ApplicationScoped. Liberty gets resource instance from CDI.
/Users/ahmadayyoub/mp-health-draft/guide-microprofile-health/finish/CustomConfigSource.json
[WARNING ] CWMH0051W: The class com.ibm.ws.microprofile.health.impl.HealthCheckResponseImpl implementing HealthCheckResponse in the io.openliberty.guides.microprofile.health application in module io.openliberty.guides.microprofile.health.war, reported a DOWN outcome DOWN with data Optional[{}].
[WARNING ] CWWKW1001W: The scope PerRequest of JAXRS-2.0 Resource PropertiesResource does not match the CDI scope javax.enterprise.context.ApplicationScoped. Liberty gets resource instance from CDI.
[WARNING ] CWWKW1001W: The scope PerRequest of JAXRS-2.0 Resource InventoryResource does not match the CDI scope javax.enterprise.context.ApplicationScoped. Liberty gets resource instance from CDI.
/Users/ahmadayyoub/mp-health-draft/guide-microprofile-health/finish/CustomConfigSource.json
/Users/ahmadayyoub/mp-health-draft/guide-microprofile-health/finish/CustomConfigSource.json
